C51 COMPILER V9.60.7.0   MAIN                                                              06/25/2023 22:34:12 PAGE 1   


C51 COMPILER V9.60.7.0, COMPILATION OF MODULE MAIN
OBJECT MODULE PLACED IN main.OBJ
COMPILER INVOKED BY: D:\Program Files\Keilc51\C51\BIN\C51.EXE main.c BROWSE DEBUG OBJECTEXTEND

line level    source

   1          #include <reg51.h>
   2          
   3          // 定义计数器和时间变量
   4          int i = 30, n = 60, k = 0;
   5          unsigned char code table[]={0xc0,0xf9,0xa4,0xb0,0x99,0x92,0x82,0xf8,0x80,0x90};
   6          void delay(unsigned int t);
   7          
   8          // 数码管显示函数
   9          void display(unsigned char n) {
  10   1      
  11   1          P2=table[n%10];
  12   1              P3=~0x02;
  13   1              delay(5);
  14   1              P3=0;
  15   1              P2=table[n/10];
  16   1              P3=~0x01;
  17   1              delay(5);
  18   1              P3=0;
  19   1      }
  20          
  21          // 定时器0中断服务函数
  22          void t0Intr(void) interrupt 1 {
  23   1          TH0 = (8192 - 5000) / 32;
  24   1          TL0 = (8192 - 5000) / 32;
  25   1          k++;
  26   1          if (k == 200 && n > 0) {
  27   2              n--;
  28   2              k = 0;
  29   2              if (i == 0) {
  30   3                  i = 30;
  31   3              }
  32   2          }
  33   1      }
  34          
  35          void main() {
  36   1              int t=0,c=20,l=100;
  37   1          TMOD = 0x01; // 定时器0工作在16位自动重装模式
  38   1          TH0 = (8192 - 5000) / 32;
  39   1          TL0 = (8192 - 5000) / 32;
  40   1          EA = 1; // 允许中断
  41   1          ET0 = 1; // 允许定时器0中断
  42   1          TR0 = 1; // 启动定时器0
  43   1          for(t=20;l=100,t>0;t--){
  44   2               while(l--)
  45   2               display(t);
  46   2              }
  47   1      }
  48          
  49          // 延时函数
  50          void delay(unsigned int t) {
  51   1          unsigned int i, j;
  52   1          for (i = 0; i < t; i++) {
  53   2              for (j = 0; j < 125; j++);
  54   2          }
  55   1      }
C51 COMPILER V9.60.7.0   MAIN                                                              06/25/2023 22:34:12 PAGE 2   



MODULE INFORMATION:   STATIC OVERLAYABLE
   CODE SIZE        =    248    ----
   CONSTANT SIZE    =     10    ----
   XDATA SIZE       =   ----    ----
   PDATA SIZE       =   ----    ----
   DATA SIZE        =      6       7
   IDATA SIZE       =   ----    ----
   BIT SIZE         =   ----    ----
END OF MODULE INFORMATION.


C51 COMPILATION COMPLETE.  0 WARNING(S),  0 ERROR(S)
