C51 COMPILER V9.60.7.0   MAIN                                                              05/17/2023 08:47:40 PAGE 1   


C51 COMPILER V9.60.7.0, COMPILATION OF MODULE MAIN
OBJECT MODULE PLACED IN main.OBJ
COMPILER INVOKED BY: D:\Program Files\Keilc51\C51\BIN\C51.EXE main.c BROWSE DEBUG OBJECTEXTEND

line level    source

   1          #include <reg52.h>
   2          
   3          const unsigned char ledchar[] = {      
   4              0xC0, 0xF9, 0xA4, 0xB0, 0x99, 0x92, 0x82, 0xF8, 0x80, 0x90  
   5          }; 
   6          
   7          void delay(int ms){         
   8   1          int i,j;
   9   1          for(i=ms; i>0; i--)
  10   1              for(j=110; j>0; j--);
  11   1      }
  12          
  13          void main(){     
  14   1          int i;
  15   1          P2 = 0;      
  16   1          for(i = sizeof(ledchar) / sizeof(ledchar[0]) - 1;  i >= 0;  i--){
  17   2              P2 = ledchar[i];         
  18   2              delay(400);      
  19   2          } 
  20   1      }


MODULE INFORMATION:   STATIC OVERLAYABLE
   CODE SIZE        =     64    ----
   CONSTANT SIZE    =   ----    ----
   XDATA SIZE       =   ----    ----
   PDATA SIZE       =   ----    ----
   DATA SIZE        =     10    ----
   IDATA SIZE       =   ----    ----
   BIT SIZE         =   ----    ----
END OF MODULE INFORMATION.


C51 COMPILATION COMPLETE.  0 WARNING(S),  0 ERROR(S)
