C51 COMPILER V9.60.7.0   MAIN                                                              03/22/2023 09:24:17 PAGE 1   


C51 COMPILER V9.60.7.0, COMPILATION OF MODULE MAIN
OBJECT MODULE PLACED IN main.OBJ
COMPILER INVOKED BY: D:\Program Files\Keilc51\C51\BIN\C51.EXE main.c BROWSE DEBUG OBJECTEXTEND

line level    source

   1          #include<reg51.h>
   2          void delay(void)
   3          {
   4   1              unsigned int i;
   5   1              for(i=0;i<20000;i++);
   6   1      }
   7          
   8          int main(void)
   9          {
  10   1              unsigned char led,a,b;
  11   1              led =0xfe;
  12   1              while(1)
  13   1              {
  14   2                      P0=led;
  15   2                      a=led>>7;
  16   2                      b=led<<1;
  17   2                      led=b|a;
  18   2                      delay();
  19   2              }
  20   1      }


MODULE INFORMATION:   STATIC OVERLAYABLE
   CODE SIZE        =     38    ----
   CONSTANT SIZE    =   ----    ----
   XDATA SIZE       =   ----    ----
   PDATA SIZE       =   ----    ----
   DATA SIZE        =   ----    ----
   IDATA SIZE       =   ----    ----
   BIT SIZE         =   ----    ----
END OF MODULE INFORMATION.


C51 COMPILATION COMPLETE.  0 WARNING(S),  0 ERROR(S)
