C51 COMPILER V9.60.0.0   MIMASUO                                                           04/28/2023 23:23:44 PAGE 1   


C51 COMPILER V9.60.0.0, COMPILATION OF MODULE MIMASUO
OBJECT MODULE PLACED IN .\Objects\mimasuo.obj
COMPILER INVOKED BY: C:\Keil_v5\C51\BIN\C51.EXE mimasuo.c OPTIMIZE(8,SPEED) BROWSE DEBUG OBJECTEXTEND PRINT(.\Listings\m
                    -imasuo.lst) TABS(2) OBJECT(.\Objects\mimasuo.obj)

line level    source

   1          #include <reg52.h>
   2          typedef unsigned char u8;
   3          typedef unsigned int u16;
   4          
   5          //sbit 特殊功能位声明：声明某特殊功能寄存器中的一位
   6          #define key P1       //按键io口
   7          sbit fen=P3^0;       //蜂鸣器io口
   8          sbit rs=P3^1;        //LCD控制口
   9          sbit rw=P3^2;
  10          sbit e=P3^3;
  11          sbit led=P3^4;       //LED灯io口
  12          
  13          //bit 位变量声明：定义一个位变量的值
  14          u8 keyz=17,j=0,biao1=0,a=10,b=10,c=10,d=10;
  15          bit biao=0;
  16          u16 zh;
  17          
  18          u8 shu[]={0xc0,0xf9,0xa4,0xb0,0x99,0x92,0x02,0xf0,0x80,0xf0,0x80,0x90,0x38,0x79,0x76};
  19          u8 zi[]={"lnput password:"};
  20          u8 num[]={"0123456789ABCDEF"};
  21          
  22          
  23          void delay(u16 i){
  24   1         while(i--);
  25   1            }
  26          
  27          /*蜂鸣器*/
  28          void Fen(u8 a,b)   //蜂鸣器发声函数
  29          {
  30   1        u8 i,j; 
  31   1        for(i=0;i<a;i++)
  32   1        {
  33   2          for(j=0;j<100;j++)
  34   2           {fen=~fen;delay(b);}
  35   2                 }
  36   1            }
  37          
  38          
  39          /*LCD*/
  40          void writecom(u8 com){    //LCD写指令
  41   1         rs=0;
  42   1         rw=0;
  43   1         e=0;
  44   1         P0=com;
  45   1         delay(5);
  46   1         e=1;
  47   1         e=0;
  48   1                           }
  49          
  50          void writedat(u8 dat){    //LCD写数据
  51   1         rs=1;
  52   1         rw=0;
  53   1         e=0;
  54   1         P0=dat;
C51 COMPILER V9.60.0.0   MIMASUO                                                           04/28/2023 23:23:44 PAGE 2   

  55   1         delay(5);
  56   1         e=1;
  57   1         e=0;
  58   1                           }
  59          
  60          void initlcd(){        //LCD初始化函数
  61   1           writecom(0x38);   //显示模式设置
  62   1           writecom(0x0c);
  63   1           writecom(0x06);
  64   1      
  65   1              }
  66          
  67          void xian(){   //LCD显示数字函数
  68   1                            writedat(num[keyz]);
  69   1                    if(a==10){a=keyz; }      //对abcd，四位数的单独赋值
  70   1                  else if(b==10){b=keyz;}
  71   1                  else if(c==10){c=keyz;}
  72   1                  else{d=keyz;}
  73   1                  if(j!=3){j++;}biao=0;
  74   1      
  75   1      }
  76          
  77          /*键盘*/
  78          void Key(){u8 a=0;       //矩形式键盘函数
  79   1      
  80   1         if(key!=0x0f){delay(1000);
  81   2         if(key!=0x0f){
  82   3          key=0x0f;
  83   3          switch(key){
  84   4               case 0x07: keyz=0;biao=1;break;
  85   4               case 0x0b: keyz=1;biao=1;break;
  86   4               case 0x0d: keyz=2;biao=1;break;
  87   4               case 0x0e: keyz=3;biao=1;break;
  88   4          }
  89   3          key=0xf0;
  90   3          switch(key){
  91   4               case 0x70: keyz=keyz;biao=1;break;
  92   4               case 0xb0: keyz=keyz+4;biao=1;break;
  93   4               case 0xd0: keyz=keyz+8;biao=1;break;
  94   4               case 0xe0: keyz=keyz+12;biao=1;break;
  95   4          }
  96   3      
  97   3         }
  98   2         while((a<50)&&(key!=0xf0)){a++;delay(10000);}
  99   2         }
 100   1                  }
 101                      
 102          void shi(){u8 i;    // 按键值判断函数
 103   1         if(biao&&keyz!=15){  //判断标志位biao是否为1，为1则有按键操作并且按键的值不等于15     
 104   2                         
 105   2             writecom(0x80+0x40+j);       //数字显示位置进行累加操作
 106   2             if(j<0){j=0;}            //数字显示位置边界
 107   2            switch(keyz){             //switch判断按键并执行对应操作
 108   3              case 0:xian(); break;
 109   3              case 1:xian(); break;
 110   3              case 2:xian(); break;
 111   3              case 3:xian(); break;
 112   3              case 4:xian(); break;
 113   3              case 5:xian(); break;
 114   3              case 6:xian(); break;
 115   3              case 7:xian(); break;
 116   3              case 8:xian(); break;
C51 COMPILER V9.60.0.0   MIMASUO                                                           04/28/2023 23:23:44 PAGE 3   

 117   3              case 9:xian(); break;
 118   3              case 10:writedat(num[keyz]);
 119   3                      
 120   3                  j++;biao=0;break;
 121   3              case 11:writedat(num[keyz]);
 122   3                      
 123   3                  j++;biao=0;break;
 124   3              case 12:
 125   3                  biao1=0;              //重置标志位biao1,上锁
 126   3                      biao=0;break;
 127   3              case 13:writecom(0x01); delay(1000);    //全屏清除
 128   3                  for(i=0;i<sizeof(zi);i++){
 129   4                            writecom(0x80+i);
 130   4                            writedat(zi[i]);    }
 131   3                      j=0;biao=0;break;
 132   3              case 14:                  //对当前数字位删除的操作
 133   3                  writedat(' ');
 134   3                  j--;
 135   3                  writecom(0x80+0x40+j);writedat(' ');
 136   3                  biao=0;break;
 137   3              case 15:        //确定按键
 138   3                      j++;biao=0;break;
 139   3                    }
 140   2                }
 141   1            if(keyz==15){                //判断按键值如果等于15，便视为按下确定键
 142   2            writecom(0x01);delay(1000); 
 143   2             zh=a*1000+b*100+c*10+d;           //将ABCD，四位数合并并进行判断是否为正确密码
 144   2              if(zh==1234){  //设密码为1234
 145   3            j=0; 
 146   3              biao1=1;                   //将biao1标志位置1便为密码正确
 147   3              keyz=17;                     //使按键值跳出最大值15便不会循坏显示
 148   3                  }
 149   2          else{
 150   3               j=0; 
 151   3            biao1=0;                     //反之密码错误
 152   3              keyz=17;  
 153   3            Fen(20,200);                 //蜂鸣器报警
 154   3            }
 155   2            zh=0;a=10,b=10,c=10,d=10;          //重置ABCD变量
 156   2              for(i=0;i<sizeof(zi);i++){
 157   3              writecom(0x80+i);
 158   3              writedat(zi[i]);         }
 159   2                        }   
 160   1                }
 161                
 162          void main(){u8 i; led=0;
 163   1           initlcd();                        //LCD初始化函数
 164   1         for(i=0;i<sizeof(zi);i++){
 165   2         writecom(0x80+i);
 166   2         writedat(zi[i]);        }
 167   1         while(1){
 168   2            Key();               //定义键盘函数
 169   2            shi();               //按键判断函数，灯亮或报警
 170   2            P2=shu[keyz];        //数码管显示当前输入值
 171   2            if(biao1==1){ led=0;             //判断标志位biao1 为1则密码正确显示ok
 172   3            writecom(0x80+0x40+10);
 173   3              writedat('O');
 174   3            writecom(0x80+0x41+10);
 175   3              writedat('K'); }
 176   2      
 177   2            else if(biao1==0){led=1;           //biao1为0则显示密码错误显示no
 178   3            writecom(0x80+0x40+10);
C51 COMPILER V9.60.0.0   MIMASUO                                                           04/28/2023 23:23:44 PAGE 4   

 179   3              writedat('N');
 180   3            writecom(0x80+0x41+10);
 181   3              writedat('O');}
 182   2               }
 183   1                 }


MODULE INFORMATION:   STATIC OVERLAYABLE
   CODE SIZE        =    766    ----
   CONSTANT SIZE    =   ----    ----
   XDATA SIZE       =   ----    ----
   PDATA SIZE       =   ----    ----
   DATA SIZE        =     57       1
   IDATA SIZE       =   ----    ----
   BIT SIZE         =      1    ----
END OF MODULE INFORMATION.


C51 COMPILATION COMPLETE.  0 WARNING(S),  0 ERROR(S)
