C51 COMPILER V9.60.7.0   ______                                                            06/25/2023 22:48:37 PAGE 1   


C51 COMPILER V9.60.7.0, COMPILATION OF MODULE ______
OBJECT MODULE PLACED IN .\Objects\ÃÜÂëËø.obj
COMPILER INVOKED BY: D:\Program Files\Keilc51\C51\BIN\C51.EXE ÃÜÂëËø.c BROWSE DEBUG OBJECTEXTEND PRINT(.\Listings\ÃÜÂëËø
                    -.lst) OBJECT(.\Objects\ÃÜÂëËø.obj)

line level    source

   1          #include <reg52.h>
   2          unsigned char seg7code[]={
   3                     0xc0, 0xf9, 0xa4, 0xb0, 
   4                     0x99, 0x92, 0x82, 0xf8, 
   5                     0x80, 0x90, 0x88, 0x83,
   6                     0xc6, 0xa1, 0x86, 0x8e};
   7          void delay(int x)
   8          {
   9   1       char i;
  10   1       while(x--)
  11   1       {
  12   2       for(i=120;i>0;i--);
  13   2      }
  14   1      }
  15          void display(unsigned char num)
  16          {
  17   1        P1=~0x01; 
  18   1       P3=seg7code[num];
  19   1      
  20   1      } 
  21          void keyscan()
  22          {
  23   1       unsigned char temp,key;//diyihang??
  24   1       P2=0xfe;
  25   1       temp=P2;       
  26   1       temp=temp&0xf0;
  27   1       if(temp!=0xf0)
  28   1       {
  29   2        delay(10);
  30   2        temp=P2;
  31   2        temp=temp&0xf0;
  32   2        if(temp!=0xf0)
  33   2        {
  34   3         temp=P2;
  35   3         switch(temp)
  36   3         {
  37   4          case 0xee:
  38   4           key=0;
  39   4           break;
  40   4          case 0xde:
  41   4           key=1;
  42   4           break;
  43   4          case 0xbe:
  44   4           key=2;
  45   4           break;
  46   4          case 0x7e:
  47   4           key=3;
  48   4           break;
  49   4         }
  50   3         while(temp!=0xf0)
  51   3         {
  52   4          temp=P2;
  53   4          temp=temp&0xf0;
  54   4         }
C51 COMPILER V9.60.7.0   ______                                                            06/25/2023 22:48:37 PAGE 2   

  55   3         display(key);
  56   3        }
  57   2       }
  58   1        //di2hang??
  59   1       P2=0xfd;
  60   1       temp=P2;
  61   1       temp=temp&0xf0;
  62   1       if(temp!=0xf0)
  63   1       {
  64   2        delay(10);
  65   2        temp=P2;
  66   2        temp=temp&0xf0;
  67   2        if(temp!=0xf0)
  68   2        {
  69   3         temp=P2;
  70   3         switch(temp)
  71   3         {
  72   4          case 0xed:
  73   4           key=4;
  74   4           break;
  75   4          case 0xdd:
  76   4           key=5;
  77   4           break;
  78   4          case 0xbd:
  79   4           key=6;
  80   4           break;
  81   4          case 0x7d:
  82   4           key=7;
  83   4           break;
  84   4         }
  85   3         while(temp!=0xf0)
  86   3         {
  87   4          temp=P2;
  88   4          temp=temp&0xf0;
  89   4         }
  90   3         display(key);
  91   3        }
  92   2       }
  93   1      //di3hang??
  94   1       P2=0xfb;
  95   1       temp=P2;
  96   1       temp=temp&0xf0;
  97   1       if(temp!=0xf0)
  98   1       {
  99   2        delay(10);
 100   2        temp=P2;
 101   2        temp=temp&0xf0;
 102   2        if(temp!=0xf0)
 103   2        {
 104   3         temp=P2;
 105   3         switch(temp)
 106   3         {
 107   4          case 0xeb:
 108   4           key=8;
 109   4           break;
 110   4          case 0xdb:
 111   4           key=9;
 112   4           break;
 113   4          case 0xbb:
 114   4           key=10;
 115   4           break;
 116   4          case 0x7b:
C51 COMPILER V9.60.7.0   ______                                                            06/25/2023 22:48:37 PAGE 3   

 117   4           key=11;
 118   4           break;
 119   4         }
 120   3         while(temp!=0xf0)
 121   3         {
 122   4          temp=P2;
 123   4          temp=temp&0xf0;
 124   4         }
 125   3         display(key);
 126   3        }
 127   2       }
 128   1      //di4hang??
 129   1       P2=0xf7;
 130   1       temp=P2;
 131   1       temp=temp&0xf0;
 132   1       if(temp!=0xf0)
 133   1       {
 134   2        delay(10);
 135   2        temp=P2;
 136   2        temp=temp&0xf0;
 137   2        if(temp!=0xf0)
 138   2        {
 139   3         temp=P2;
 140   3         switch(temp)
 141   3         {
 142   4          case 0xe7:
 143   4           key=12;
 144   4           break;
 145   4          case 0xd7:
 146   4           key=13;
 147   4           break;
 148   4          case 0xb7:
 149   4           key=14;
 150   4           break;
 151   4          case 0x77:
 152   4           key=15;
 153   4           break;
 154   4         }
 155   3                                                         while(temp!=0xf0)
 156   3         {
 157   4          temp=P2;
 158   4          temp=temp&0xf0;
 159   4         }
 160   3         display(key);
 161   3        }
 162   2       }
 163   1      }
 164          void main()
 165          {
 166   1       P3=0;
 167   1       while(1)
 168   1       {
 169   2        keyscan();
 170   2       }
 171   1      }


MODULE INFORMATION:   STATIC OVERLAYABLE
   CODE SIZE        =    400    ----
   CONSTANT SIZE    =   ----    ----
   XDATA SIZE       =   ----    ----
   PDATA SIZE       =   ----    ----
C51 COMPILER V9.60.7.0   ______                                                            06/25/2023 22:48:37 PAGE 4   

   DATA SIZE        =     16       2
   IDATA SIZE       =   ----    ----
   BIT SIZE         =   ----    ----
END OF MODULE INFORMATION.


C51 COMPILATION COMPLETE.  0 WARNING(S),  0 ERROR(S)
