C51 COMPILER V9.60.7.0   MAIN                                                              04/19/2023 09:39:13 PAGE 1   


C51 COMPILER V9.60.7.0, COMPILATION OF MODULE MAIN
OBJECT MODULE PLACED IN main.OBJ
COMPILER INVOKED BY: D:\Program Files\Keilc51\C51\BIN\C51.EXE main.c BROWSE DEBUG OBJECTEXTEND

line level    source

   1          #include <reg51.h>
   2          unsigned char code table[]={0xc0,0xf9,0xa4,0xb0,0x99,0x92,0x82,0xf8,0x80,0x90};
   3          void show(unsigned char n);
   4          void delay();
   5          void main()
   6          {
   7   1      unsigned char i;
   8   1      int j;
   9   1      while(1)
  10   1      {
  11   2      for(i=20;j=100,i>0;i--)
  12   2      {
  13   3      while(j--)
  14   3      show(i);
  15   3      }
  16   2      }
  17   1      }
  18          void show(unsigned char n)
  19          {
  20   1      P1=table[n%10];
  21   1      P2=~0x02;
  22   1      delay();
  23   1      P2=0;
  24   1      P1=table[n/10];
  25   1      P2=~0x01;
  26   1      delay();
  27   1      P2=0;
  28   1      }
  29          void delay()
  30          {
  31   1      int i=300;
  32   1      while(i--);
  33   1      }


MODULE INFORMATION:   STATIC OVERLAYABLE
   CODE SIZE        =    111    ----
   CONSTANT SIZE    =     10    ----
   XDATA SIZE       =   ----    ----
   PDATA SIZE       =   ----    ----
   DATA SIZE        =   ----       4
   IDATA SIZE       =   ----    ----
   BIT SIZE         =   ----    ----
END OF MODULE INFORMATION.


C51 COMPILATION COMPLETE.  0 WARNING(S),  0 ERROR(S)
