C51 COMPILER V9.60.7.0   MAIN                                                              06/26/2023 01:15:27 PAGE 1   


C51 COMPILER V9.60.7.0, COMPILATION OF MODULE MAIN
OBJECT MODULE PLACED IN main.OBJ
COMPILER INVOKED BY: D:\Program Files\Keilc51\C51\BIN\C51.EXE main.c BROWSE DEBUG OBJECTEXTEND

line level    source

   1          #include<reg51.h>
   2          #include<intrins.h>
   3          int b[8]={0x00,0x66,0x99,0x81,0x81,0x42,0x24,0x18};
   4          void delay(unsigned char i) //延时函数
   5          {       
   6   1          unsigned char j,k;  
   7   1          for(j=i;j>0;j--)            
   8   1              for(k=110;k>0;k--);     
   9   1      }    
  10          void main()//主函数     
  11          {     
  12   1      unsigned char i,j,k,temp;//变量定义     
  13   1      while(1)        
  14   1          {           
  15   2          for(j=0;j<8;j++) //循环次数         
  16   2              {                       
  17   3              for(k=0;k<100;k++)//控制滚动速度，数字越小，滚动越快
  18   3                  {   
  19   4                  temp=0x01;                  
  20   4                  for (i = 0; i < 8; i++)                             
  21   4                      {                                       
  22   5      P2 =~temp;                                       
  23   5       P3 =~b[(i+j)%8];//滚动实现的关键，（%8）除以8求余数    
  24   5      temp=_crol_(temp,1);//左移动函数                                    
  25   5                           delay(2);                          
  26   5                       }                                                          
  27   4                  }
  28   3              }
  29   2      }
  30   1      }


MODULE INFORMATION:   STATIC OVERLAYABLE
   CODE SIZE        =     71    ----
   CONSTANT SIZE    =   ----    ----
   XDATA SIZE       =   ----    ----
   PDATA SIZE       =   ----    ----
   DATA SIZE        =     16    ----
   IDATA SIZE       =   ----    ----
   BIT SIZE         =   ----    ----
END OF MODULE INFORMATION.


C51 COMPILATION COMPLETE.  0 WARNING(S),  0 ERROR(S)
