C51 COMPILER V9.60.7.0   MAIN                                                              06/26/2023 01:16:34 PAGE 1   


C51 COMPILER V9.60.7.0, COMPILATION OF MODULE MAIN
OBJECT MODULE PLACED IN main.OBJ
COMPILER INVOKED BY: D:\Program Files\Keilc51\C51\BIN\C51.EXE main.c BROWSE DEBUG OBJECTEXTEND

line level    source

   1          #include <reg51.h>
   2          
   3          unsigned char LED_pattern[8]={ 0x01,0x02,0x04,0x08,0x10,0x20,0x40,0x80 }; 
   4          unsigned char LED_display[8]={ 0x00,0x66,0x99,0x81,0x81,0x42,0x24,0x18 }; 
   5          
   6          void delay(void) {
   7   1          unsigned int i;
   8   1          for(i=0;i<10000;i++);
   9   1      }
  10          
  11          void main(void)
  12          { 
  13   1          unsigned int i;    
  14   1          while(1){         
  15   2              for(i=0;i<8;i++) {            
  16   3                  P2=LED_pattern[i];            
  17   3                  P3=~LED_display[i];           
  18   3                  delay();         
  19   3              }     
  20   2          }
  21   1      }


MODULE INFORMATION:   STATIC OVERLAYABLE
   CODE SIZE        =     49    ----
   CONSTANT SIZE    =   ----    ----
   XDATA SIZE       =   ----    ----
   PDATA SIZE       =   ----    ----
   DATA SIZE        =     16    ----
   IDATA SIZE       =   ----    ----
   BIT SIZE         =   ----    ----
END OF MODULE INFORMATION.


C51 COMPILATION COMPLETE.  0 WARNING(S),  0 ERROR(S)
